  Common.cpp
  fio.cpp
  leaner.cpp
D:\Документы\2 сем\Ооп\laba4\laba4\leaner.cpp(58,20): warning C4018: <: несоответствие типов со знаком и без знака
D:\Документы\2 сем\Ооп\laba4\laba4\leaner.cpp(60,20): warning C4018: <: несоответствие типов со знаком и без знака
D:\Документы\2 сем\Ооп\laba4\laba4\leaner.cpp(64,20): warning C4018: <: несоответствие типов со знаком и без знака
D:\Документы\2 сем\Ооп\laba4\laba4\leaner.cpp(80,22): warning C4018: <: несоответствие типов со знаком и без знака
D:\Документы\2 сем\Ооп\laba4\laba4\leaner.cpp(96,23): warning C4018: <: несоответствие типов со знаком и без знака
D:\Документы\2 сем\Ооп\laba4\laba4\leaner.cpp(135,22): warning C4018: <: несоответствие типов со знаком и без знака
D:\Документы\2 сем\Ооп\laba4\laba4\leaner.cpp(85,14): warning C4101: error: неиспользованная локальная переменная
D:\Документы\2 сем\Ооп\laba4\laba4\leaner.cpp(101,15): warning C4101: error: неиспользованная локальная переменная
D:\Документы\2 сем\Ооп\laba4\laba4\leaner.cpp(123,14): warning C4101: error: неиспользованная локальная переменная
D:\Документы\2 сем\Ооп\laba4\laba4\leaner.cpp(140,14): warning C4101: error: неиспользованная локальная переменная
D:\Документы\2 сем\Ооп\laba4\laba4\leaner.cpp(158,14): warning C4101: error: неиспользованная локальная переменная
D:\Документы\2 сем\Ооп\laba4\laba4\leaner.cpp(206,14): warning C4101: error: неиспользованная локальная переменная
D:\Документы\2 сем\Ооп\laba4\laba4\leaner.cpp(244,30): warning C4244: =: преобразование "double" в "int", возможна потеря данных
D:\Документы\2 сем\Ооп\laba4\laba4\leaner.cpp(246,23): warning C4244: =: преобразование "double" в "int", возможна потеря данных
  man.cpp
  prepod.cpp
D:\Документы\2 сем\Ооп\laba4\laba4\prepod.cpp(32,20): warning C4018: <: несоответствие типов со знаком и без знака
D:\Документы\2 сем\Ооп\laba4\laba4\prepod.cpp(34,20): warning C4018: <: несоответствие типов со знаком и без знака
D:\Документы\2 сем\Ооп\laba4\laba4\prepod.cpp(37,20): warning C4018: <: несоответствие типов со знаком и без знака
D:\Документы\2 сем\Ооп\laba4\laba4\prepod.cpp(134,22): warning C4018: <: несоответствие типов со знаком и без знака
D:\Документы\2 сем\Ооп\laba4\laba4\prepod.cpp(103,14): warning C4101: error: неиспользованная локальная переменная
D:\Документы\2 сем\Ооп\laba4\laba4\prepod.cpp(120,14): warning C4101: error: неиспользованная локальная переменная
D:\Документы\2 сем\Ооп\laba4\laba4\prepod.cpp(139,14): warning C4101: error: неиспользованная локальная переменная
D:\Документы\2 сем\Ооп\laba4\laba4\prepod.cpp(159,22): warning C4018: <: несоответствие типов со знаком и без знака
D:\Документы\2 сем\Ооп\laba4\laba4\prepod.cpp(177,22): warning C4018: <: несоответствие типов со знаком и без знака
D:\Документы\2 сем\Ооп\laba4\laba4\prepod.cpp(195,22): warning C4018: <: несоответствие типов со знаком и без знака
D:\Документы\2 сем\Ооп\laba4\laba4\prepod.cpp(164,14): warning C4101: error: неиспользованная локальная переменная
D:\Документы\2 сем\Ооп\laba4\laba4\prepod.cpp(182,14): warning C4101: error: неиспользованная локальная переменная
D:\Документы\2 сем\Ооп\laba4\laba4\prepod.cpp(200,14): warning C4101: error: неиспользованная локальная переменная
D:\Документы\2 сем\Ооп\laba4\laba4\prepod.cpp(258,29): warning C4244: =: преобразование "double" в "int", возможна потеря данных
D:\Документы\2 сем\Ооп\laba4\laba4\prepod.cpp(269,24): warning C4244: =: преобразование "double" в "int", возможна потеря данных
D:\Документы\2 сем\Ооп\laba4\laba4\prepod.cpp(307,14): warning C4101: error: неиспользованная локальная переменная
D:\Документы\2 сем\Ооп\laba4\laba4\prepod.cpp(363,22): warning C4018: <: несоответствие типов со знаком и без знака
D:\Документы\2 сем\Ооп\laba4\laba4\prepod.cpp(368,14): warning C4101: error: неиспользованная локальная переменная
D:\Документы\2 сем\Ооп\laba4\laba4\prepod.cpp(400,22): warning C4018: <: несоответствие типов со знаком и без знака
D:\Документы\2 сем\Ооп\laba4\laba4\prepod.cpp(416,22): warning C4018: <: несоответствие типов со знаком и без знака
D:\Документы\2 сем\Ооп\laba4\laba4\prepod.cpp(432,22): warning C4018: <: несоответствие типов со знаком и без знака
D:\Документы\2 сем\Ооп\laba4\laba4\prepod.cpp(405,14): warning C4101: error: неиспользованная локальная переменная
D:\Документы\2 сем\Ооп\laba4\laba4\prepod.cpp(421,14): warning C4101: error: неиспользованная локальная переменная
D:\Документы\2 сем\Ооп\laba4\laba4\prepod.cpp(437,14): warning C4101: error: неиспользованная локальная переменная
  Source.cpp
D:\Документы\2 сем\Ооп\laba4\laba4\Source.cpp(56,15): warning C4101: error: неиспользованная локальная переменная
  Создание кода...
D:\Документы\2 сем\Ооп\laba4\laba4\prepod.cpp(148): warning C4715: operator>>: значение возвращается не при всех путях выполнения
  laba4.vcxproj -> D:\Документы\2 сем\Ооп\laba4\Debug\laba4.exe
