  Common.cpp
  fio.cpp
  leaner.cpp
D:\Документы\2 сем\Ооп\laba6\laba6\leaner.cpp(58,20): warning C4018: <: несоответствие типов со знаком и без знака
D:\Документы\2 сем\Ооп\laba6\laba6\leaner.cpp(60,20): warning C4018: <: несоответствие типов со знаком и без знака
D:\Документы\2 сем\Ооп\laba6\laba6\leaner.cpp(64,20): warning C4018: <: несоответствие типов со знаком и без знака
D:\Документы\2 сем\Ооп\laba6\laba6\leaner.cpp(80,22): warning C4018: <: несоответствие типов со знаком и без знака
D:\Документы\2 сем\Ооп\laba6\laba6\leaner.cpp(96,23): warning C4018: <: несоответствие типов со знаком и без знака
D:\Документы\2 сем\Ооп\laba6\laba6\leaner.cpp(135,22): warning C4018: <: несоответствие типов со знаком и без знака
D:\Документы\2 сем\Ооп\laba6\laba6\leaner.cpp(85,14): warning C4101: error: неиспользованная локальная переменная
D:\Документы\2 сем\Ооп\laba6\laba6\leaner.cpp(101,15): warning C4101: error: неиспользованная локальная переменная
D:\Документы\2 сем\Ооп\laba6\laba6\leaner.cpp(123,14): warning C4101: error: неиспользованная локальная переменная
D:\Документы\2 сем\Ооп\laba6\laba6\leaner.cpp(140,14): warning C4101: error: неиспользованная локальная переменная
D:\Документы\2 сем\Ооп\laba6\laba6\leaner.cpp(158,14): warning C4101: error: неиспользованная локальная переменная
D:\Документы\2 сем\Ооп\laba6\laba6\leaner.cpp(206,14): warning C4101: error: неиспользованная локальная переменная
D:\Документы\2 сем\Ооп\laba6\laba6\leaner.cpp(244,30): warning C4244: =: преобразование "double" в "int", возможна потеря данных
D:\Документы\2 сем\Ооп\laba6\laba6\leaner.cpp(246,23): warning C4244: =: преобразование "double" в "int", возможна потеря данных
  man.cpp
  prepod.cpp
D:\Документы\2 сем\Ооп\laba6\laba6\prepod.cpp(32,20): warning C4018: <: несоответствие типов со знаком и без знака
D:\Документы\2 сем\Ооп\laba6\laba6\prepod.cpp(34,20): warning C4018: <: несоответствие типов со знаком и без знака
D:\Документы\2 сем\Ооп\laba6\laba6\prepod.cpp(37,20): warning C4018: <: несоответствие типов со знаком и без знака
D:\Документы\2 сем\Ооп\laba6\laba6\prepod.cpp(137,22): warning C4018: <: несоответствие типов со знаком и без знака
D:\Документы\2 сем\Ооп\laba6\laba6\prepod.cpp(106,14): warning C4101: error: неиспользованная локальная переменная
D:\Документы\2 сем\Ооп\laba6\laba6\prepod.cpp(123,14): warning C4101: error: неиспользованная локальная переменная
D:\Документы\2 сем\Ооп\laba6\laba6\prepod.cpp(142,14): warning C4101: error: неиспользованная локальная переменная
D:\Документы\2 сем\Ооп\laba6\laba6\prepod.cpp(161,22): warning C4018: <: несоответствие типов со знаком и без знака
D:\Документы\2 сем\Ооп\laba6\laba6\prepod.cpp(180,22): warning C4018: <: несоответствие типов со знаком и без знака
D:\Документы\2 сем\Ооп\laba6\laba6\prepod.cpp(198,22): warning C4018: <: несоответствие типов со знаком и без знака
D:\Документы\2 сем\Ооп\laba6\laba6\prepod.cpp(167,14): warning C4101: error: неиспользованная локальная переменная
D:\Документы\2 сем\Ооп\laba6\laba6\prepod.cpp(185,14): warning C4101: error: неиспользованная локальная переменная
D:\Документы\2 сем\Ооп\laba6\laba6\prepod.cpp(203,14): warning C4101: error: неиспользованная локальная переменная
D:\Документы\2 сем\Ооп\laba6\laba6\prepod.cpp(261,29): warning C4244: =: преобразование "double" в "int", возможна потеря данных
D:\Документы\2 сем\Ооп\laba6\laba6\prepod.cpp(272,24): warning C4244: =: преобразование "double" в "int", возможна потеря данных
D:\Документы\2 сем\Ооп\laba6\laba6\prepod.cpp(310,14): warning C4101: error: неиспользованная локальная переменная
D:\Документы\2 сем\Ооп\laba6\laba6\prepod.cpp(366,22): warning C4018: <: несоответствие типов со знаком и без знака
D:\Документы\2 сем\Ооп\laba6\laba6\prepod.cpp(371,14): warning C4101: error: неиспользованная локальная переменная
D:\Документы\2 сем\Ооп\laba6\laba6\prepod.cpp(403,22): warning C4018: <: несоответствие типов со знаком и без знака
D:\Документы\2 сем\Ооп\laba6\laba6\prepod.cpp(420,22): warning C4018: <: несоответствие типов со знаком и без знака
D:\Документы\2 сем\Ооп\laba6\laba6\prepod.cpp(437,22): warning C4018: <: несоответствие типов со знаком и без знака
D:\Документы\2 сем\Ооп\laba6\laba6\prepod.cpp(408,14): warning C4101: error: неиспользованная локальная переменная
D:\Документы\2 сем\Ооп\laba6\laba6\prepod.cpp(425,14): warning C4101: error: неиспользованная локальная переменная
D:\Документы\2 сем\Ооп\laba6\laba6\prepod.cpp(442,14): warning C4101: error: неиспользованная локальная переменная
  Source.cpp
D:\Документы\2 сем\Ооп\laba6\laba6\Source.cpp(56,15): warning C4101: error: неиспользованная локальная переменная
  Создание кода...
D:\Документы\2 сем\Ооп\laba6\laba6\prepod.cpp(151): warning C4715: operator>>: значение возвращается не при всех путях выполнения
  laba6.vcxproj -> D:\Документы\2 сем\Ооп\laba6\Debug\laba6.exe
